Mon 13 Feb 2023 13:09:37 INFO  ['recbole test.py']
Mon 13 Feb 2023 13:09:37 INFO  
General Hyper Parameters:
gpu_id = 0
use_gpu = True
seed = 2020
state = INFO
reproducibility = True
data_path = C:\Users\hoomo\OneDrive\Documents\GitHub\Research-Materials\Recbole\experiment\ml-small
checkpoint_dir = saved
show_progress = True
save_dataset = False
dataset_save_path = None
save_dataloaders = False
dataloaders_save_path = None
log_wandb = False

Training Hyper Parameters:
epochs = 300
train_batch_size = 2048
learner = adam
learning_rate = 0.001
train_neg_sample_args = {'distribution': 'uniform', 'sample_num': 1, 'alpha': 1.0, 'dynamic': False, 'candidate_num': 0}
eval_step = 1
stopping_step = 10
clip_grad_norm = None
weight_decay = 0.0
loss_decimal_place = 4

Evaluation Hyper Parameters:
eval_args = {'split': {'RS': [8, 1, 1]}, 'group_by': 'user', 'order': 'RO', 'mode': 'full'}
repeatable = False
metrics = ['Recall', 'MRR', 'NDCG', 'Hit', 'Precision']
topk = [10]
valid_metric = MRR@10
valid_metric_bigger = True
eval_batch_size = 4096
metric_decimal_place = 4

Dataset Hyper Parameters:
field_separator = 	
seq_separator =  
USER_ID_FIELD = user_id
ITEM_ID_FIELD = item_id
RATING_FIELD = rating
TIME_FIELD = timestamp
seq_len = None
LABEL_FIELD = label
threshold = None
NEG_PREFIX = neg_
load_col = {'inter': ['user_id', 'item_id', 'rating', 'timestamp']}
unload_col = None
unused_col = None
additional_feat_suffix = None
rm_dup_inter = None
val_interval = None
filter_inter_by_user_or_item = True
user_inter_num_interval = [10,inf)
item_inter_num_interval = [10,inf)
alias_of_user_id = None
alias_of_item_id = None
alias_of_entity_id = None
alias_of_relation_id = None
preload_weight = None
normalize_field = None
normalize_all = None
ITEM_LIST_LENGTH_FIELD = item_length
LIST_SUFFIX = _list
MAX_ITEM_LIST_LENGTH = 50
POSITION_FIELD = position_id
HEAD_ENTITY_ID_FIELD = head_id
TAIL_ENTITY_ID_FIELD = tail_id
RELATION_ID_FIELD = relation_id
ENTITY_ID_FIELD = entity_id
benchmark_filename = None

Other Hyper Parameters: 
worker = 0
wandb_project = recbole
shuffle = True
require_pow = False
enable_amp = False
enable_scaler = False
transform = None
embedding_size = 64
numerical_features = []
discretization = None
kg_reverse_r = False
entity_kg_num_interval = [0,inf)
relation_kg_num_interval = [0,inf)
MODEL_TYPE = ModelType.GENERAL
MODEL_INPUT_TYPE = InputType.PAIRWISE
eval_type = EvaluatorType.RANKING
single_spec = True
local_rank = 0
device = cpu
eval_neg_sample_args = {'distribution': 'uniform', 'sample_num': 'none'}


Mon 13 Feb 2023 13:09:38 INFO  ml-small
The number of users: 611
Average actions of users: 133.68360655737706
The number of items: 2283
Average actions of items: 35.734881682734446
The number of inters: 81547
The sparsity of the dataset: 94.15397232658954%
Remain Fields: ['user_id', 'item_id', 'rating', 'timestamp']
Mon 13 Feb 2023 13:09:38 INFO  [Training]: train_batch_size = [2048] train_neg_sample_args: [{'distribution': 'uniform', 'sample_num': 1, 'alpha': 1.0, 'dynamic': False, 'candidate_num': 0}]
Mon 13 Feb 2023 13:09:38 INFO  [Evaluation]: eval_batch_size = [4096] eval_args: [{'split': {'RS': [8, 1, 1]}, 'group_by': 'user', 'order': 'RO', 'mode': 'full'}]
Mon 13 Feb 2023 13:09:38 INFO  BPR(
  (user_embedding): Embedding(611, 64)
  (item_embedding): Embedding(2283, 64)
  (loss): BPRLoss()
)
Trainable parameters: 185216
Mon 13 Feb 2023 13:09:38 INFO  FLOPs: 128.0
Mon 13 Feb 2023 13:09:38 INFO  epoch 0 training [time: 0.27s, train loss: 22.8695]
Mon 13 Feb 2023 13:09:39 INFO  epoch 0 evaluating [time: 0.41s, valid_score: 0.019800]
Mon 13 Feb 2023 13:09:39 INFO  valid result: 
recall@10 : 0.0032    mrr@10 : 0.0198    ndcg@10 : 0.0073    hit@10 : 0.0656    precision@10 : 0.0072
Mon 13 Feb 2023 13:09:39 INFO  Saving current: saved\BPR-Feb-13-2023_13-09-38.pth
Mon 13 Feb 2023 13:09:39 INFO  epoch 1 training [time: 0.26s, train loss: 22.7934]
Mon 13 Feb 2023 13:09:39 INFO  epoch 1 evaluating [time: 0.34s, valid_score: 0.024600]
Mon 13 Feb 2023 13:09:39 INFO  valid result: 
recall@10 : 0.0054    mrr@10 : 0.0246    ndcg@10 : 0.0102    hit@10 : 0.0852    precision@10 : 0.01
Mon 13 Feb 2023 13:09:39 INFO  Saving current: saved\BPR-Feb-13-2023_13-09-38.pth
Mon 13 Feb 2023 13:09:40 INFO  epoch 2 training [time: 0.30s, train loss: 22.6797]
Mon 13 Feb 2023 13:09:40 INFO  epoch 2 evaluating [time: 0.34s, valid_score: 0.053100]
Mon 13 Feb 2023 13:09:40 INFO  valid result: 
recall@10 : 0.012    mrr@10 : 0.0531    ndcg@10 : 0.0239    hit@10 : 0.1459    precision@10 : 0.0218
Mon 13 Feb 2023 13:09:40 INFO  Saving current: saved\BPR-Feb-13-2023_13-09-38.pth
Mon 13 Feb 2023 13:09:40 INFO  epoch 3 training [time: 0.24s, train loss: 22.4570]
Mon 13 Feb 2023 13:09:40 INFO  epoch 3 evaluating [time: 0.33s, valid_score: 0.119900]
Mon 13 Feb 2023 13:09:40 INFO  valid result: 
recall@10 : 0.0396    mrr@10 : 0.1199    ndcg@10 : 0.0587    hit@10 : 0.2934    precision@10 : 0.0484
Mon 13 Feb 2023 13:09:40 INFO  Saving current: saved\BPR-Feb-13-2023_13-09-38.pth
Mon 13 Feb 2023 13:09:41 INFO  epoch 4 training [time: 0.26s, train loss: 21.9640]
Mon 13 Feb 2023 13:09:41 INFO  epoch 4 evaluating [time: 0.33s, valid_score: 0.192800]
Mon 13 Feb 2023 13:09:41 INFO  valid result: 
recall@10 : 0.0673    mrr@10 : 0.1928    ndcg@10 : 0.0941    hit@10 : 0.4049    precision@10 : 0.0716
Mon 13 Feb 2023 13:09:41 INFO  Saving current: saved\BPR-Feb-13-2023_13-09-38.pth
Mon 13 Feb 2023 13:09:41 INFO  epoch 5 training [time: 0.25s, train loss: 21.0302]
Mon 13 Feb 2023 13:09:42 INFO  epoch 5 evaluating [time: 0.32s, valid_score: 0.235700]
Mon 13 Feb 2023 13:09:42 INFO  valid result: 
recall@10 : 0.0817    mrr@10 : 0.2357    ndcg@10 : 0.116    hit@10 : 0.4623    precision@10 : 0.0844
Mon 13 Feb 2023 13:09:42 INFO  Saving current: saved\BPR-Feb-13-2023_13-09-38.pth
Mon 13 Feb 2023 13:09:42 INFO  epoch 6 training [time: 0.28s, train loss: 19.6449]
Mon 13 Feb 2023 13:09:42 INFO  epoch 6 evaluating [time: 0.36s, valid_score: 0.243900]
Mon 13 Feb 2023 13:09:42 INFO  valid result: 
recall@10 : 0.0922    mrr@10 : 0.2439    ndcg@10 : 0.1255    hit@10 : 0.4869    precision@10 : 0.0933
Mon 13 Feb 2023 13:09:42 INFO  Saving current: saved\BPR-Feb-13-2023_13-09-38.pth
Mon 13 Feb 2023 13:09:43 INFO  epoch 7 training [time: 0.28s, train loss: 18.0546]
Mon 13 Feb 2023 13:09:43 INFO  epoch 7 evaluating [time: 0.33s, valid_score: 0.256500]
Mon 13 Feb 2023 13:09:43 INFO  valid result: 
recall@10 : 0.0962    mrr@10 : 0.2565    ndcg@10 : 0.1317    hit@10 : 0.4967    precision@10 : 0.0959
Mon 13 Feb 2023 13:09:43 INFO  Saving current: saved\BPR-Feb-13-2023_13-09-38.pth
Mon 13 Feb 2023 13:09:43 INFO  epoch 8 training [time: 0.29s, train loss: 16.6472]
Mon 13 Feb 2023 13:09:44 INFO  epoch 8 evaluating [time: 0.33s, valid_score: 0.267900]
Mon 13 Feb 2023 13:09:44 INFO  valid result: 
recall@10 : 0.0994    mrr@10 : 0.2679    ndcg@10 : 0.137    hit@10 : 0.5082    precision@10 : 0.0992
Mon 13 Feb 2023 13:09:44 INFO  Saving current: saved\BPR-Feb-13-2023_13-09-38.pth
Mon 13 Feb 2023 13:09:44 INFO  epoch 9 training [time: 0.27s, train loss: 15.4931]
Mon 13 Feb 2023 13:09:44 INFO  epoch 9 evaluating [time: 0.32s, valid_score: 0.270800]
Mon 13 Feb 2023 13:09:44 INFO  valid result: 
recall@10 : 0.1062    mrr@10 : 0.2708    ndcg@10 : 0.1415    hit@10 : 0.5115    precision@10 : 0.1026
Mon 13 Feb 2023 13:09:44 INFO  Saving current: saved\BPR-Feb-13-2023_13-09-38.pth
Mon 13 Feb 2023 13:09:44 INFO  epoch 10 training [time: 0.27s, train loss: 14.6191]
Mon 13 Feb 2023 13:09:45 INFO  epoch 10 evaluating [time: 0.31s, valid_score: 0.266700]
Mon 13 Feb 2023 13:09:45 INFO  valid result: 
recall@10 : 0.1045    mrr@10 : 0.2667    ndcg@10 : 0.1403    hit@10 : 0.5098    precision@10 : 0.102
Mon 13 Feb 2023 13:09:45 INFO  epoch 11 training [time: 0.26s, train loss: 13.8305]
Mon 13 Feb 2023 13:09:45 INFO  epoch 11 evaluating [time: 0.48s, valid_score: 0.261800]
Mon 13 Feb 2023 13:09:45 INFO  valid result: 
recall@10 : 0.1077    mrr@10 : 0.2618    ndcg@10 : 0.1408    hit@10 : 0.518    precision@10 : 0.1044
Mon 13 Feb 2023 13:09:46 INFO  epoch 12 training [time: 0.27s, train loss: 13.0848]
Mon 13 Feb 2023 13:09:46 INFO  epoch 12 evaluating [time: 0.32s, valid_score: 0.262000]
Mon 13 Feb 2023 13:09:46 INFO  valid result: 
recall@10 : 0.1075    mrr@10 : 0.262    ndcg@10 : 0.1405    hit@10 : 0.523    precision@10 : 0.1034
Mon 13 Feb 2023 13:09:46 INFO  epoch 13 training [time: 0.29s, train loss: 12.6189]
Mon 13 Feb 2023 13:09:47 INFO  epoch 13 evaluating [time: 0.33s, valid_score: 0.267800]
Mon 13 Feb 2023 13:09:47 INFO  valid result: 
recall@10 : 0.1142    mrr@10 : 0.2678    ndcg@10 : 0.1444    hit@10 : 0.5328    precision@10 : 0.1064
Mon 13 Feb 2023 13:09:47 INFO  epoch 14 training [time: 0.28s, train loss: 12.0097]
Mon 13 Feb 2023 13:09:47 INFO  epoch 14 evaluating [time: 0.36s, valid_score: 0.272300]
Mon 13 Feb 2023 13:09:47 INFO  valid result: 
recall@10 : 0.1121    mrr@10 : 0.2723    ndcg@10 : 0.1452    hit@10 : 0.5361    precision@10 : 0.1067
Mon 13 Feb 2023 13:09:47 INFO  Saving current: saved\BPR-Feb-13-2023_13-09-38.pth
Mon 13 Feb 2023 13:09:48 INFO  epoch 15 training [time: 0.26s, train loss: 11.6582]
Mon 13 Feb 2023 13:09:48 INFO  epoch 15 evaluating [time: 0.33s, valid_score: 0.275600]
Mon 13 Feb 2023 13:09:48 INFO  valid result: 
recall@10 : 0.1165    mrr@10 : 0.2756    ndcg@10 : 0.1481    hit@10 : 0.5459    precision@10 : 0.1092
Mon 13 Feb 2023 13:09:48 INFO  Saving current: saved\BPR-Feb-13-2023_13-09-38.pth
Mon 13 Feb 2023 13:09:48 INFO  epoch 16 training [time: 0.25s, train loss: 11.3034]
Mon 13 Feb 2023 13:09:48 INFO  epoch 16 evaluating [time: 0.34s, valid_score: 0.276600]
Mon 13 Feb 2023 13:09:48 INFO  valid result: 
recall@10 : 0.1155    mrr@10 : 0.2766    ndcg@10 : 0.1477    hit@10 : 0.5508    precision@10 : 0.109
Mon 13 Feb 2023 13:09:48 INFO  Saving current: saved\BPR-Feb-13-2023_13-09-38.pth
Mon 13 Feb 2023 13:09:49 INFO  epoch 17 training [time: 0.24s, train loss: 10.8369]
Mon 13 Feb 2023 13:09:49 INFO  epoch 17 evaluating [time: 0.33s, valid_score: 0.276500]
Mon 13 Feb 2023 13:09:49 INFO  valid result: 
recall@10 : 0.1155    mrr@10 : 0.2765    ndcg@10 : 0.1476    hit@10 : 0.5525    precision@10 : 0.1093
Mon 13 Feb 2023 13:09:49 INFO  epoch 18 training [time: 0.27s, train loss: 10.4917]
Mon 13 Feb 2023 13:09:50 INFO  epoch 18 evaluating [time: 0.31s, valid_score: 0.277600]
Mon 13 Feb 2023 13:09:50 INFO  valid result: 
recall@10 : 0.1197    mrr@10 : 0.2776    ndcg@10 : 0.1501    hit@10 : 0.5689    precision@10 : 0.1113
Mon 13 Feb 2023 13:09:50 INFO  Saving current: saved\BPR-Feb-13-2023_13-09-38.pth
Mon 13 Feb 2023 13:09:50 INFO  epoch 19 training [time: 0.23s, train loss: 10.2073]
Mon 13 Feb 2023 13:09:50 INFO  epoch 19 evaluating [time: 0.34s, valid_score: 0.279000]
Mon 13 Feb 2023 13:09:50 INFO  valid result: 
recall@10 : 0.1214    mrr@10 : 0.279    ndcg@10 : 0.1512    hit@10 : 0.5754    precision@10 : 0.1121
Mon 13 Feb 2023 13:09:50 INFO  Saving current: saved\BPR-Feb-13-2023_13-09-38.pth
Mon 13 Feb 2023 13:09:51 INFO  epoch 20 training [time: 0.29s, train loss: 9.8364]
Mon 13 Feb 2023 13:09:51 INFO  epoch 20 evaluating [time: 0.34s, valid_score: 0.270900]
Mon 13 Feb 2023 13:09:51 INFO  valid result: 
recall@10 : 0.1222    mrr@10 : 0.2709    ndcg@10 : 0.1511    hit@10 : 0.5754    precision@10 : 0.1138
Mon 13 Feb 2023 13:09:51 INFO  epoch 21 training [time: 0.29s, train loss: 9.5647]
Mon 13 Feb 2023 13:09:52 INFO  epoch 21 evaluating [time: 0.37s, valid_score: 0.272800]
Mon 13 Feb 2023 13:09:52 INFO  valid result: 
recall@10 : 0.1198    mrr@10 : 0.2728    ndcg@10 : 0.1504    hit@10 : 0.5705    precision@10 : 0.1136
Mon 13 Feb 2023 13:09:52 INFO  epoch 22 training [time: 0.25s, train loss: 9.4026]
Mon 13 Feb 2023 13:09:52 INFO  epoch 22 evaluating [time: 0.34s, valid_score: 0.278000]
Mon 13 Feb 2023 13:09:52 INFO  valid result: 
recall@10 : 0.1222    mrr@10 : 0.278    ndcg@10 : 0.1523    hit@10 : 0.5803    precision@10 : 0.1141
Mon 13 Feb 2023 13:09:52 INFO  epoch 23 training [time: 0.25s, train loss: 9.0045]
Mon 13 Feb 2023 13:09:53 INFO  epoch 23 evaluating [time: 0.32s, valid_score: 0.276500]
Mon 13 Feb 2023 13:09:53 INFO  valid result: 
recall@10 : 0.1215    mrr@10 : 0.2765    ndcg@10 : 0.1523    hit@10 : 0.5738    precision@10 : 0.1152
Mon 13 Feb 2023 13:09:53 INFO  epoch 24 training [time: 0.25s, train loss: 8.7464]
Mon 13 Feb 2023 13:09:53 INFO  epoch 24 evaluating [time: 0.34s, valid_score: 0.277600]
Mon 13 Feb 2023 13:09:53 INFO  valid result: 
recall@10 : 0.1222    mrr@10 : 0.2776    ndcg@10 : 0.1515    hit@10 : 0.577    precision@10 : 0.1139
Mon 13 Feb 2023 13:09:54 INFO  epoch 25 training [time: 0.35s, train loss: 8.4723]
Mon 13 Feb 2023 13:09:54 INFO  epoch 25 evaluating [time: 0.34s, valid_score: 0.279100]
Mon 13 Feb 2023 13:09:54 INFO  valid result: 
recall@10 : 0.1184    mrr@10 : 0.2791    ndcg@10 : 0.1513    hit@10 : 0.5689    precision@10 : 0.1141
Mon 13 Feb 2023 13:09:54 INFO  Saving current: saved\BPR-Feb-13-2023_13-09-38.pth
Mon 13 Feb 2023 13:09:54 INFO  epoch 26 training [time: 0.28s, train loss: 8.3243]
Mon 13 Feb 2023 13:09:55 INFO  epoch 26 evaluating [time: 0.32s, valid_score: 0.277600]
Mon 13 Feb 2023 13:09:55 INFO  valid result: 
recall@10 : 0.1228    mrr@10 : 0.2776    ndcg@10 : 0.1528    hit@10 : 0.5689    precision@10 : 0.1156
Mon 13 Feb 2023 13:09:55 INFO  epoch 27 training [time: 0.28s, train loss: 8.1235]
Mon 13 Feb 2023 13:09:55 INFO  epoch 27 evaluating [time: 0.33s, valid_score: 0.284500]
Mon 13 Feb 2023 13:09:55 INFO  valid result: 
recall@10 : 0.1223    mrr@10 : 0.2845    ndcg@10 : 0.1548    hit@10 : 0.5738    precision@10 : 0.1161
Mon 13 Feb 2023 13:09:55 INFO  Saving current: saved\BPR-Feb-13-2023_13-09-38.pth
Mon 13 Feb 2023 13:09:56 INFO  epoch 28 training [time: 0.28s, train loss: 7.8942]
Mon 13 Feb 2023 13:09:56 INFO  epoch 28 evaluating [time: 0.30s, valid_score: 0.275800]
Mon 13 Feb 2023 13:09:56 INFO  valid result: 
recall@10 : 0.1236    mrr@10 : 0.2758    ndcg@10 : 0.154    hit@10 : 0.5787    precision@10 : 0.1169
Mon 13 Feb 2023 13:09:56 INFO  epoch 29 training [time: 0.27s, train loss: 7.8154]
Mon 13 Feb 2023 13:09:56 INFO  epoch 29 evaluating [time: 0.35s, valid_score: 0.281100]
Mon 13 Feb 2023 13:09:56 INFO  valid result: 
recall@10 : 0.1233    mrr@10 : 0.2811    ndcg@10 : 0.155    hit@10 : 0.577    precision@10 : 0.1169
Mon 13 Feb 2023 13:09:57 INFO  epoch 30 training [time: 0.28s, train loss: 7.6068]
Mon 13 Feb 2023 13:09:57 INFO  epoch 30 evaluating [time: 0.38s, valid_score: 0.280600]
Mon 13 Feb 2023 13:09:57 INFO  valid result: 
recall@10 : 0.1242    mrr@10 : 0.2806    ndcg@10 : 0.1563    hit@10 : 0.5803    precision@10 : 0.1177
Mon 13 Feb 2023 13:09:57 INFO  epoch 31 training [time: 0.30s, train loss: 7.3585]
Mon 13 Feb 2023 13:09:58 INFO  epoch 31 evaluating [time: 0.31s, valid_score: 0.284800]
Mon 13 Feb 2023 13:09:58 INFO  valid result: 
recall@10 : 0.1252    mrr@10 : 0.2848    ndcg@10 : 0.1579    hit@10 : 0.5738    precision@10 : 0.1167
Mon 13 Feb 2023 13:09:58 INFO  Saving current: saved\BPR-Feb-13-2023_13-09-38.pth
Mon 13 Feb 2023 13:09:58 INFO  epoch 32 training [time: 0.27s, train loss: 7.1875]
Mon 13 Feb 2023 13:09:58 INFO  epoch 32 evaluating [time: 0.34s, valid_score: 0.287700]
Mon 13 Feb 2023 13:09:58 INFO  valid result: 
recall@10 : 0.1257    mrr@10 : 0.2877    ndcg@10 : 0.1592    hit@10 : 0.5738    precision@10 : 0.1182
Mon 13 Feb 2023 13:09:58 INFO  Saving current: saved\BPR-Feb-13-2023_13-09-38.pth
Mon 13 Feb 2023 13:09:59 INFO  epoch 33 training [time: 0.28s, train loss: 7.0137]
Mon 13 Feb 2023 13:09:59 INFO  epoch 33 evaluating [time: 0.33s, valid_score: 0.292100]
Mon 13 Feb 2023 13:09:59 INFO  valid result: 
recall@10 : 0.1229    mrr@10 : 0.2921    ndcg@10 : 0.1589    hit@10 : 0.5705    precision@10 : 0.1167
Mon 13 Feb 2023 13:09:59 INFO  Saving current: saved\BPR-Feb-13-2023_13-09-38.pth
Mon 13 Feb 2023 13:09:59 INFO  epoch 34 training [time: 0.27s, train loss: 6.8739]
Mon 13 Feb 2023 13:10:00 INFO  epoch 34 evaluating [time: 0.34s, valid_score: 0.294800]
Mon 13 Feb 2023 13:10:00 INFO  valid result: 
recall@10 : 0.1235    mrr@10 : 0.2948    ndcg@10 : 0.1608    hit@10 : 0.577    precision@10 : 0.1189
Mon 13 Feb 2023 13:10:00 INFO  Saving current: saved\BPR-Feb-13-2023_13-09-38.pth
Mon 13 Feb 2023 13:10:00 INFO  epoch 35 training [time: 0.30s, train loss: 6.8579]
Mon 13 Feb 2023 13:10:00 INFO  epoch 35 evaluating [time: 0.40s, valid_score: 0.303200]
Mon 13 Feb 2023 13:10:00 INFO  valid result: 
recall@10 : 0.1231    mrr@10 : 0.3032    ndcg@10 : 0.1631    hit@10 : 0.5738    precision@10 : 0.1198
Mon 13 Feb 2023 13:10:00 INFO  Saving current: saved\BPR-Feb-13-2023_13-09-38.pth
Mon 13 Feb 2023 13:10:01 INFO  epoch 36 training [time: 0.28s, train loss: 6.6450]
Mon 13 Feb 2023 13:10:01 INFO  epoch 36 evaluating [time: 0.32s, valid_score: 0.301600]
Mon 13 Feb 2023 13:10:01 INFO  valid result: 
recall@10 : 0.1248    mrr@10 : 0.3016    ndcg@10 : 0.1632    hit@10 : 0.5836    precision@10 : 0.1208
Mon 13 Feb 2023 13:10:01 INFO  epoch 37 training [time: 0.32s, train loss: 6.5002]
Mon 13 Feb 2023 13:10:02 INFO  epoch 37 evaluating [time: 0.35s, valid_score: 0.298000]
Mon 13 Feb 2023 13:10:02 INFO  valid result: 
recall@10 : 0.1234    mrr@10 : 0.298    ndcg@10 : 0.1619    hit@10 : 0.582    precision@10 : 0.1203
Mon 13 Feb 2023 13:10:02 INFO  epoch 38 training [time: 0.35s, train loss: 6.2839]
Mon 13 Feb 2023 13:10:02 INFO  epoch 38 evaluating [time: 0.36s, valid_score: 0.300000]
Mon 13 Feb 2023 13:10:02 INFO  valid result: 
recall@10 : 0.126    mrr@10 : 0.3    ndcg@10 : 0.1626    hit@10 : 0.5803    precision@10 : 0.1193
Mon 13 Feb 2023 13:10:03 INFO  epoch 39 training [time: 0.27s, train loss: 6.2247]
Mon 13 Feb 2023 13:10:03 INFO  epoch 39 evaluating [time: 0.33s, valid_score: 0.299500]
Mon 13 Feb 2023 13:10:03 INFO  valid result: 
recall@10 : 0.1282    mrr@10 : 0.2995    ndcg@10 : 0.1642    hit@10 : 0.5836    precision@10 : 0.122
Mon 13 Feb 2023 13:10:03 INFO  epoch 40 training [time: 0.26s, train loss: 6.1327]
Mon 13 Feb 2023 13:10:03 INFO  epoch 40 evaluating [time: 0.33s, valid_score: 0.294700]
Mon 13 Feb 2023 13:10:03 INFO  valid result: 
recall@10 : 0.1261    mrr@10 : 0.2947    ndcg@10 : 0.1622    hit@10 : 0.5836    precision@10 : 0.1205
Mon 13 Feb 2023 13:10:04 INFO  epoch 41 training [time: 0.25s, train loss: 5.9396]
Mon 13 Feb 2023 13:10:04 INFO  epoch 41 evaluating [time: 0.33s, valid_score: 0.301100]
Mon 13 Feb 2023 13:10:04 INFO  valid result: 
recall@10 : 0.1319    mrr@10 : 0.3011    ndcg@10 : 0.1661    hit@10 : 0.5967    precision@10 : 0.1234
Mon 13 Feb 2023 13:10:04 INFO  epoch 42 training [time: 0.27s, train loss: 5.9019]
Mon 13 Feb 2023 13:10:05 INFO  epoch 42 evaluating [time: 0.31s, valid_score: 0.301600]
Mon 13 Feb 2023 13:10:05 INFO  valid result: 
recall@10 : 0.1313    mrr@10 : 0.3016    ndcg@10 : 0.166    hit@10 : 0.5918    precision@10 : 0.1221
Mon 13 Feb 2023 13:10:05 INFO  epoch 43 training [time: 0.27s, train loss: 5.7903]
Mon 13 Feb 2023 13:10:05 INFO  epoch 43 evaluating [time: 0.44s, valid_score: 0.298000]
Mon 13 Feb 2023 13:10:05 INFO  valid result: 
recall@10 : 0.1296    mrr@10 : 0.298    ndcg@10 : 0.1654    hit@10 : 0.5885    precision@10 : 0.1223
Mon 13 Feb 2023 13:10:06 INFO  epoch 44 training [time: 0.29s, train loss: 5.6065]
Mon 13 Feb 2023 13:10:06 INFO  epoch 44 evaluating [time: 0.34s, valid_score: 0.306300]
Mon 13 Feb 2023 13:10:06 INFO  valid result: 
recall@10 : 0.1342    mrr@10 : 0.3063    ndcg@10 : 0.1686    hit@10 : 0.5934    precision@10 : 0.1231
Mon 13 Feb 2023 13:10:06 INFO  Saving current: saved\BPR-Feb-13-2023_13-09-38.pth
Mon 13 Feb 2023 13:10:06 INFO  epoch 45 training [time: 0.27s, train loss: 5.4470]
Mon 13 Feb 2023 13:10:07 INFO  epoch 45 evaluating [time: 0.31s, valid_score: 0.306600]
Mon 13 Feb 2023 13:10:07 INFO  valid result: 
recall@10 : 0.1329    mrr@10 : 0.3066    ndcg@10 : 0.1681    hit@10 : 0.5934    precision@10 : 0.1225
Mon 13 Feb 2023 13:10:07 INFO  Saving current: saved\BPR-Feb-13-2023_13-09-38.pth
Mon 13 Feb 2023 13:10:07 INFO  epoch 46 training [time: 0.26s, train loss: 5.4718]
Mon 13 Feb 2023 13:10:07 INFO  epoch 46 evaluating [time: 0.35s, valid_score: 0.304600]
Mon 13 Feb 2023 13:10:07 INFO  valid result: 
recall@10 : 0.1304    mrr@10 : 0.3046    ndcg@10 : 0.1671    hit@10 : 0.5869    precision@10 : 0.1215
Mon 13 Feb 2023 13:10:07 INFO  epoch 47 training [time: 0.28s, train loss: 5.2554]
Mon 13 Feb 2023 13:10:08 INFO  epoch 47 evaluating [time: 0.30s, valid_score: 0.306700]
Mon 13 Feb 2023 13:10:08 INFO  valid result: 
recall@10 : 0.1304    mrr@10 : 0.3067    ndcg@10 : 0.1672    hit@10 : 0.5902    precision@10 : 0.1215
Mon 13 Feb 2023 13:10:08 INFO  Saving current: saved\BPR-Feb-13-2023_13-09-38.pth
Mon 13 Feb 2023 13:10:08 INFO  epoch 48 training [time: 0.25s, train loss: 5.2592]
Mon 13 Feb 2023 13:10:08 INFO  epoch 48 evaluating [time: 0.34s, valid_score: 0.300200]
Mon 13 Feb 2023 13:10:08 INFO  valid result: 
recall@10 : 0.1305    mrr@10 : 0.3002    ndcg@10 : 0.1661    hit@10 : 0.5902    precision@10 : 0.1218
Mon 13 Feb 2023 13:10:09 INFO  epoch 49 training [time: 0.30s, train loss: 5.1807]
Mon 13 Feb 2023 13:10:09 INFO  epoch 49 evaluating [time: 0.33s, valid_score: 0.298200]
Mon 13 Feb 2023 13:10:09 INFO  valid result: 
recall@10 : 0.1292    mrr@10 : 0.2982    ndcg@10 : 0.1642    hit@10 : 0.5984    precision@10 : 0.1208
Mon 13 Feb 2023 13:10:09 INFO  epoch 50 training [time: 0.34s, train loss: 5.0627]
Mon 13 Feb 2023 13:10:10 INFO  epoch 50 evaluating [time: 0.36s, valid_score: 0.298900]
Mon 13 Feb 2023 13:10:10 INFO  valid result: 
recall@10 : 0.1283    mrr@10 : 0.2989    ndcg@10 : 0.1636    hit@10 : 0.5918    precision@10 : 0.12
Mon 13 Feb 2023 13:10:10 INFO  epoch 51 training [time: 0.27s, train loss: 4.9665]
Mon 13 Feb 2023 13:10:10 INFO  epoch 51 evaluating [time: 0.34s, valid_score: 0.300600]
Mon 13 Feb 2023 13:10:10 INFO  valid result: 
recall@10 : 0.129    mrr@10 : 0.3006    ndcg@10 : 0.1647    hit@10 : 0.5902    precision@10 : 0.1213
Mon 13 Feb 2023 13:10:11 INFO  epoch 52 training [time: 0.27s, train loss: 4.9051]
Mon 13 Feb 2023 13:10:11 INFO  epoch 52 evaluating [time: 0.34s, valid_score: 0.300000]
Mon 13 Feb 2023 13:10:11 INFO  valid result: 
recall@10 : 0.1301    mrr@10 : 0.3    ndcg@10 : 0.1655    hit@10 : 0.5918    precision@10 : 0.1208
Mon 13 Feb 2023 13:10:11 INFO  epoch 53 training [time: 0.28s, train loss: 4.8007]
Mon 13 Feb 2023 13:10:12 INFO  epoch 53 evaluating [time: 0.33s, valid_score: 0.294700]
Mon 13 Feb 2023 13:10:12 INFO  valid result: 
recall@10 : 0.1314    mrr@10 : 0.2947    ndcg@10 : 0.1653    hit@10 : 0.5869    precision@10 : 0.1216
Mon 13 Feb 2023 13:10:12 INFO  epoch 54 training [time: 0.27s, train loss: 4.7810]
Mon 13 Feb 2023 13:10:12 INFO  epoch 54 evaluating [time: 0.39s, valid_score: 0.298100]
Mon 13 Feb 2023 13:10:12 INFO  valid result: 
recall@10 : 0.1334    mrr@10 : 0.2981    ndcg@10 : 0.1672    hit@10 : 0.5984    precision@10 : 0.123
Mon 13 Feb 2023 13:10:12 INFO  epoch 55 training [time: 0.30s, train loss: 4.6223]
Mon 13 Feb 2023 13:10:13 INFO  epoch 55 evaluating [time: 0.38s, valid_score: 0.300700]
Mon 13 Feb 2023 13:10:13 INFO  valid result: 
recall@10 : 0.1332    mrr@10 : 0.3007    ndcg@10 : 0.1672    hit@10 : 0.6    precision@10 : 0.1216
Mon 13 Feb 2023 13:10:13 INFO  epoch 56 training [time: 0.30s, train loss: 4.6075]
Mon 13 Feb 2023 13:10:14 INFO  epoch 56 evaluating [time: 0.33s, valid_score: 0.304100]
Mon 13 Feb 2023 13:10:14 INFO  valid result: 
recall@10 : 0.1333    mrr@10 : 0.3041    ndcg@10 : 0.1676    hit@10 : 0.5984    precision@10 : 0.1213
Mon 13 Feb 2023 13:10:14 INFO  epoch 57 training [time: 0.25s, train loss: 4.4093]
Mon 13 Feb 2023 13:10:14 INFO  epoch 57 evaluating [time: 0.31s, valid_score: 0.307400]
Mon 13 Feb 2023 13:10:14 INFO  valid result: 
recall@10 : 0.1328    mrr@10 : 0.3074    ndcg@10 : 0.1682    hit@10 : 0.5967    precision@10 : 0.121
Mon 13 Feb 2023 13:10:14 INFO  Saving current: saved\BPR-Feb-13-2023_13-09-38.pth
Mon 13 Feb 2023 13:10:14 INFO  epoch 58 training [time: 0.26s, train loss: 4.4798]
Mon 13 Feb 2023 13:10:15 INFO  epoch 58 evaluating [time: 0.31s, valid_score: 0.304100]
Mon 13 Feb 2023 13:10:15 INFO  valid result: 
recall@10 : 0.1342    mrr@10 : 0.3041    ndcg@10 : 0.168    hit@10 : 0.5951    precision@10 : 0.1221
Mon 13 Feb 2023 13:10:15 INFO  epoch 59 training [time: 0.28s, train loss: 4.3607]
Mon 13 Feb 2023 13:10:15 INFO  epoch 59 evaluating [time: 0.35s, valid_score: 0.303200]
Mon 13 Feb 2023 13:10:15 INFO  valid result: 
recall@10 : 0.1369    mrr@10 : 0.3032    ndcg@10 : 0.169    hit@10 : 0.6016    precision@10 : 0.1233
Mon 13 Feb 2023 13:10:16 INFO  epoch 60 training [time: 0.30s, train loss: 4.3468]
Mon 13 Feb 2023 13:10:16 INFO  epoch 60 evaluating [time: 0.32s, valid_score: 0.304000]
Mon 13 Feb 2023 13:10:16 INFO  valid result: 
recall@10 : 0.135    mrr@10 : 0.304    ndcg@10 : 0.1695    hit@10 : 0.5951    precision@10 : 0.1239
Mon 13 Feb 2023 13:10:16 INFO  epoch 61 training [time: 0.27s, train loss: 4.1688]
Mon 13 Feb 2023 13:10:17 INFO  epoch 61 evaluating [time: 0.34s, valid_score: 0.301100]
Mon 13 Feb 2023 13:10:17 INFO  valid result: 
recall@10 : 0.1384    mrr@10 : 0.3011    ndcg@10 : 0.17    hit@10 : 0.5984    precision@10 : 0.1251
Mon 13 Feb 2023 13:10:17 INFO  epoch 62 training [time: 0.25s, train loss: 4.1459]
Mon 13 Feb 2023 13:10:17 INFO  epoch 62 evaluating [time: 0.32s, valid_score: 0.302000]
Mon 13 Feb 2023 13:10:17 INFO  valid result: 
recall@10 : 0.1368    mrr@10 : 0.302    ndcg@10 : 0.1693    hit@10 : 0.6    precision@10 : 0.1238
Mon 13 Feb 2023 13:10:17 INFO  epoch 63 training [time: 0.31s, train loss: 4.0146]
Mon 13 Feb 2023 13:10:18 INFO  epoch 63 evaluating [time: 0.32s, valid_score: 0.301400]
Mon 13 Feb 2023 13:10:18 INFO  valid result: 
recall@10 : 0.1374    mrr@10 : 0.3014    ndcg@10 : 0.1692    hit@10 : 0.6033    precision@10 : 0.1238
Mon 13 Feb 2023 13:10:18 INFO  epoch 64 training [time: 0.28s, train loss: 4.1460]
Mon 13 Feb 2023 13:10:18 INFO  epoch 64 evaluating [time: 0.36s, valid_score: 0.303600]
Mon 13 Feb 2023 13:10:18 INFO  valid result: 
recall@10 : 0.1393    mrr@10 : 0.3036    ndcg@10 : 0.1697    hit@10 : 0.6082    precision@10 : 0.1241
Mon 13 Feb 2023 13:10:19 INFO  epoch 65 training [time: 0.27s, train loss: 3.9223]
Mon 13 Feb 2023 13:10:19 INFO  epoch 65 evaluating [time: 0.39s, valid_score: 0.306200]
Mon 13 Feb 2023 13:10:19 INFO  valid result: 
recall@10 : 0.1403    mrr@10 : 0.3062    ndcg@10 : 0.1714    hit@10 : 0.6131    precision@10 : 0.1256
Mon 13 Feb 2023 13:10:19 INFO  epoch 66 training [time: 0.28s, train loss: 3.9000]
Mon 13 Feb 2023 13:10:20 INFO  epoch 66 evaluating [time: 0.38s, valid_score: 0.308200]
Mon 13 Feb 2023 13:10:20 INFO  valid result: 
recall@10 : 0.1417    mrr@10 : 0.3082    ndcg@10 : 0.1727    hit@10 : 0.6164    precision@10 : 0.127
Mon 13 Feb 2023 13:10:20 INFO  Saving current: saved\BPR-Feb-13-2023_13-09-38.pth
Mon 13 Feb 2023 13:10:20 INFO  epoch 67 training [time: 0.26s, train loss: 3.8639]
Mon 13 Feb 2023 13:10:20 INFO  epoch 67 evaluating [time: 0.36s, valid_score: 0.310500]
Mon 13 Feb 2023 13:10:20 INFO  valid result: 
recall@10 : 0.1406    mrr@10 : 0.3105    ndcg@10 : 0.1724    hit@10 : 0.6115    precision@10 : 0.1252
Mon 13 Feb 2023 13:10:20 INFO  Saving current: saved\BPR-Feb-13-2023_13-09-38.pth
Mon 13 Feb 2023 13:10:21 INFO  epoch 68 training [time: 0.34s, train loss: 3.8204]
Mon 13 Feb 2023 13:10:21 INFO  epoch 68 evaluating [time: 0.33s, valid_score: 0.305500]
Mon 13 Feb 2023 13:10:21 INFO  valid result: 
recall@10 : 0.1406    mrr@10 : 0.3055    ndcg@10 : 0.1716    hit@10 : 0.6066    precision@10 : 0.1252
Mon 13 Feb 2023 13:10:21 INFO  epoch 69 training [time: 0.28s, train loss: 3.7487]
Mon 13 Feb 2023 13:10:22 INFO  epoch 69 evaluating [time: 0.32s, valid_score: 0.305600]
Mon 13 Feb 2023 13:10:22 INFO  valid result: 
recall@10 : 0.1401    mrr@10 : 0.3056    ndcg@10 : 0.1705    hit@10 : 0.6066    precision@10 : 0.1238
Mon 13 Feb 2023 13:10:22 INFO  epoch 70 training [time: 0.27s, train loss: 3.6301]
Mon 13 Feb 2023 13:10:22 INFO  epoch 70 evaluating [time: 0.36s, valid_score: 0.306300]
Mon 13 Feb 2023 13:10:22 INFO  valid result: 
recall@10 : 0.1406    mrr@10 : 0.3063    ndcg@10 : 0.1715    hit@10 : 0.6033    precision@10 : 0.1241
Mon 13 Feb 2023 13:10:23 INFO  epoch 71 training [time: 0.31s, train loss: 3.5999]
Mon 13 Feb 2023 13:10:23 INFO  epoch 71 evaluating [time: 0.32s, valid_score: 0.307000]
Mon 13 Feb 2023 13:10:23 INFO  valid result: 
recall@10 : 0.1405    mrr@10 : 0.307    ndcg@10 : 0.171    hit@10 : 0.6049    precision@10 : 0.1221
Mon 13 Feb 2023 13:10:23 INFO  epoch 72 training [time: 0.30s, train loss: 3.5876]
Mon 13 Feb 2023 13:10:23 INFO  epoch 72 evaluating [time: 0.35s, valid_score: 0.305600]
Mon 13 Feb 2023 13:10:23 INFO  valid result: 
recall@10 : 0.1398    mrr@10 : 0.3056    ndcg@10 : 0.1711    hit@10 : 0.6115    precision@10 : 0.123
Mon 13 Feb 2023 13:10:24 INFO  epoch 73 training [time: 0.24s, train loss: 3.4560]
Mon 13 Feb 2023 13:10:24 INFO  epoch 73 evaluating [time: 0.35s, valid_score: 0.303100]
Mon 13 Feb 2023 13:10:24 INFO  valid result: 
recall@10 : 0.1408    mrr@10 : 0.3031    ndcg@10 : 0.1725    hit@10 : 0.6066    precision@10 : 0.1254
Mon 13 Feb 2023 13:10:24 INFO  epoch 74 training [time: 0.36s, train loss: 3.4937]
Mon 13 Feb 2023 13:10:25 INFO  epoch 74 evaluating [time: 0.37s, valid_score: 0.305000]
Mon 13 Feb 2023 13:10:25 INFO  valid result: 
recall@10 : 0.1414    mrr@10 : 0.305    ndcg@10 : 0.1718    hit@10 : 0.6082    precision@10 : 0.1239
Mon 13 Feb 2023 13:10:25 INFO  epoch 75 training [time: 0.29s, train loss: 3.4290]
Mon 13 Feb 2023 13:10:26 INFO  epoch 75 evaluating [time: 0.38s, valid_score: 0.306400]
Mon 13 Feb 2023 13:10:26 INFO  valid result: 
recall@10 : 0.1414    mrr@10 : 0.3064    ndcg@10 : 0.1726    hit@10 : 0.6033    precision@10 : 0.1251
Mon 13 Feb 2023 13:10:26 INFO  epoch 76 training [time: 0.25s, train loss: 3.3503]
Mon 13 Feb 2023 13:10:26 INFO  epoch 76 evaluating [time: 0.38s, valid_score: 0.302000]
Mon 13 Feb 2023 13:10:26 INFO  valid result: 
recall@10 : 0.1415    mrr@10 : 0.302    ndcg@10 : 0.1723    hit@10 : 0.6066    precision@10 : 0.1248
Mon 13 Feb 2023 13:10:26 INFO  epoch 77 training [time: 0.28s, train loss: 3.3871]
Mon 13 Feb 2023 13:10:27 INFO  epoch 77 evaluating [time: 0.35s, valid_score: 0.307100]
Mon 13 Feb 2023 13:10:27 INFO  valid result: 
recall@10 : 0.1404    mrr@10 : 0.3071    ndcg@10 : 0.1726    hit@10 : 0.6066    precision@10 : 0.1243
Mon 13 Feb 2023 13:10:27 INFO  epoch 78 training [time: 0.33s, train loss: 3.2783]
Mon 13 Feb 2023 13:10:27 INFO  epoch 78 evaluating [time: 0.38s, valid_score: 0.309300]
Mon 13 Feb 2023 13:10:27 INFO  valid result: 
recall@10 : 0.1409    mrr@10 : 0.3093    ndcg@10 : 0.1725    hit@10 : 0.6082    precision@10 : 0.1239
Mon 13 Feb 2023 13:10:27 INFO  Finished training, best eval result in epoch 67
Mon 13 Feb 2023 13:10:28 INFO  Loading model structure and parameters from saved\BPR-Feb-13-2023_13-09-38.pth
Mon 13 Feb 2023 13:10:28 INFO  best valid : OrderedDict([('recall@10', 0.1406), ('mrr@10', 0.3105), ('ndcg@10', 0.1724), ('hit@10', 0.6115), ('precision@10', 0.1252)])
Mon 13 Feb 2023 13:10:28 INFO  test result: OrderedDict([('recall@10', 0.158), ('mrr@10', 0.3371), ('ndcg@10', 0.1967), ('hit@10', 0.6295), ('precision@10', 0.1438)])
